#
# There is insufficient memory for the Java Runtime Environment to continue.
# Native memory allocation (malloc) failed to allocate 2208656 bytes for Chunk::new
# Possible reasons:
#   The system is out of physical RAM or swap space
#   The process is running with CompressedOops enabled, and the Java Heap may be blocking the growth of the native heap
# Possible solutions:
#   Reduce memory load on the system
#   Increase physical memory or swap space
#   Check if swap backing store is full
#   Decrease Java heap size (-Xmx/-Xms)
#   Decrease number of Java threads
#   Decrease Java thread stack sizes (-Xss)
#   Set larger code cache with -XX:ReservedCodeCacheSize=
#   JVM is running with Unscaled Compressed Oops mode in which the Java heap is
#     placed in the first 4GB address space. The Java Heap base address is the
#     maximum limit for the native heap growth. Please use -XX:HeapBaseMinAddress
#     to set the Java Heap base and to place the Java Heap above 4GB virtual address.
# This output file may be truncated or incomplete.
#
#  Out of Memory Error (allocation.cpp:389), pid=15956, tid=0x00000000000000d0
#
# JRE version: Java(TM) SE Runtime Environment (8.0_281-b09) (build 1.8.0_281-b09)
# Java VM: Java HotSpot(TM) 64-Bit Server VM (25.281-b09 mixed mode windows-amd64 compressed oops)
# Failed to write core dump. Minidumps are not enabled by default on client versions of Windows
#

---------------  T H R E A D  ---------------

Current thread (0x000001a1614bb000):  JavaThread "C2 CompilerThread1" daemon [_thread_in_native, id=208, stack(0x0000002b65900000,0x0000002b65a00000)]

Stack: [0x0000002b65900000,0x0000002b65a00000]
Native frames: (J=compiled Java code, j=interpreted, Vv=VM code, C=native code)
V  [jvm.dll+0x32e5b9]
V  [jvm.dll+0x275012]
V  [jvm.dll+0x275cbd]
V  [jvm.dll+0x26c6f5]
V  [jvm.dll+0xd51fc]
V  [jvm.dll+0xd59fc]
V  [jvm.dll+0x46f8c3]
V  [jvm.dll+0x4373e0]
V  [jvm.dll+0x4403d5]
V  [jvm.dll+0x43f795]
V  [jvm.dll+0x42a5e7]
V  [jvm.dll+0xabe9b]
V  [jvm.dll+0xaa4fb]
V  [jvm.dll+0x23d6b2]
V  [jvm.dll+0x291cbc]
C  [ucrtbase.dll+0x21bb2]
C  [KERNEL32.DLL+0x17034]
C  [ntdll.dll+0x52651]


Current CompileTask:
C2:  12232 5005   !   4       org.springframework.core.annotation.AnnotationsScanner::processMethodHierarchy (286 bytes)


---------------  P R O C E S S  ---------------

Java Threads: ( => current thread )
  0x000001a1677d7000 JavaThread "parallel-1" daemon [_thread_in_vm, id=1504, stack(0x0000002b66300000,0x0000002b66400000)]
  0x000001a16252d000 JavaThread "server" [_thread_blocked, id=25184, stack(0x0000002b66200000,0x0000002b66300000)]
  0x000001a162d33000 JavaThread "reactor-http-nio-1" daemon [_thread_in_native, id=13512, stack(0x0000002b66100000,0x0000002b66200000)]
  0x000001a1630bf000 JavaThread "/127.0.0.1:54868 to /127.0.0.1:54867 workers Thread 3" [_thread_in_native, id=19212, stack(0x0000002b66000000,0x0000002b66100000)]
  0x000001a1630ca800 JavaThread "/127.0.0.1:54868 to /127.0.0.1:54867 workers Thread 2" [_thread_blocked, id=23808, stack(0x0000002b65f00000,0x0000002b66000000)]
  0x000001a162db4800 JavaThread "Test worker" [_thread_blocked, id=14588, stack(0x0000002b65e00000,0x0000002b65f00000)]
  0x000001a16154a800 JavaThread "Service Thread" daemon [_thread_blocked, id=11984, stack(0x0000002b65b00000,0x0000002b65c00000)]
  0x000001a1614f1800 JavaThread "C1 CompilerThread2" daemon [_thread_blocked, id=20860, stack(0x0000002b65a00000,0x0000002b65b00000)]
=>0x000001a1614bb000 JavaThread "C2 CompilerThread1" daemon [_thread_in_native, id=208, stack(0x0000002b65900000,0x0000002b65a00000)]
  0x000001a1614b7000 JavaThread "C2 CompilerThread0" daemon [_thread_blocked, id=17780, stack(0x0000002b65800000,0x0000002b65900000)]
  0x000001a1614b5000 JavaThread "Attach Listener" daemon [_thread_blocked, id=1672, stack(0x0000002b65700000,0x0000002b65800000)]
  0x000001a1614b4000 JavaThread "Signal Dispatcher" daemon [_thread_blocked, id=19800, stack(0x0000002b65600000,0x0000002b65700000)]
  0x000001a160cfb800 JavaThread "Finalizer" daemon [_thread_blocked, id=21076, stack(0x0000002b65500000,0x0000002b65600000)]
  0x000001a161426000 JavaThread "Reference Handler" daemon [_thread_blocked, id=20336, stack(0x0000002b65400000,0x0000002b65500000)]
  0x000001a14e503000 JavaThread "main" [_thread_blocked, id=4072, stack(0x0000002b64e00000,0x0000002b64f00000)]

Other Threads:
  0x000001a161405800 VMThread [stack: 0x0000002b65300000,0x0000002b65400000] [id=20120]
  0x000001a16217f800 WatcherThread [stack: 0x0000002b65c00000,0x0000002b65d00000] [id=20228]

VM state:not at safepoint (normal execution)

VM Mutex/Monitor currently owned by a thread: None

heap address: 0x00000000e0000000, size: 512 MB, Compressed Oops mode: 32-bit
Narrow klass base: 0x0000000000000000, Narrow klass shift: 3
Compressed class space size: 1073741824 Address: 0x0000000100000000

Heap:
 PSYoungGen      total 160256K, used 108281K [0x00000000f5580000, 0x0000000100000000, 0x0000000100000000)
  eden space 147968K, 64% used [0x00000000f5580000,0x00000000fb344ab0,0x00000000fe600000)
  from space 12288K, 99% used [0x00000000ff380000,0x00000000fff79b58,0x00000000fff80000)
  to   space 13312K, 0% used [0x00000000fe600000,0x00000000fe600000,0x00000000ff300000)
 ParOldGen       total 173056K, used 13591K [0x00000000e0000000, 0x00000000ea900000, 0x00000000f5580000)
  object space 173056K, 7% used [0x00000000e0000000,0x00000000e0d45d58,0x00000000ea900000)
 Metaspace       used 47328K, capacity 51532K, committed 51712K, reserved 1093632K
  class space    used 6874K, capacity 7622K, committed 7680K, reserved 1048576K

Card table byte_map: [0x000001a15f130000,0x000001a15f240000] byte_map_base: 0x000001a15ea30000

Marking Bits: (ParMarkBitMap*) 0x000000005e546ff0
 Begin Bits: [0x000001a15f2f0000, 0x000001a15faf0000)
 End Bits:   [0x000001a15faf0000, 0x000001a1602f0000)

Polling page: 0x000001a14e4a0000

CodeCache: size=245760Kb used=17669Kb max_used=17690Kb free=228090Kb
 bounds [0x000001a14fd70000, 0x000001a150ed0000, 0x000001a15ed70000]
 total_blobs=5433 nmethods=4971 adapters=373
 compilation: enabled

Compilation events (10 events):
Event: 12.191 Thread 0x000001a1614b7000 nmethod 5310 0x000001a150ea0e10 code [0x000001a150ea0f60, 0x000001a150ea1038]
Event: 12.191 Thread 0x000001a1614b7000 5280       4       java.util.Optional::isPresent (13 bytes)
Event: 12.191 Thread 0x000001a1614b7000 nmethod 5280 0x000001a150d81b10 code [0x000001a150d81c40, 0x000001a150d81cb8]
Event: 12.191 Thread 0x000001a1614b7000 5354       4       ch.qos.logback.classic.LoggerContext::getTurboFilterChainDecision_0_3OrMore (31 bytes)
Event: 12.193 Thread 0x000001a1614b7000 nmethod 5354 0x000001a150e9c650 code [0x000001a150e9c7c0, 0x000001a150e9ca28]
Event: 12.193 Thread 0x000001a1614b7000 5271       4       java.util.HashMap$ValueSpliterator::characteristics (28 bytes)
Event: 12.194 Thread 0x000001a1614b7000 nmethod 5271 0x000001a150e9c3d0 code [0x000001a150e9c500, 0x000001a150e9c598]
Event: 12.201 Thread 0x000001a1614b7000 5401       4       sun.net.www.protocol.file.Handler::hostsEqual (69 bytes)
Event: 12.202 Thread 0x000001a1614f1800 5402       3       java.lang.invoke.MethodHandles$Lookup::restrictReceiver (123 bytes)
Event: 12.203 Thread 0x000001a1614f1800 nmethod 5402 0x000001a150ebe7d0 code [0x000001a150ebe980, 0x000001a150ebf0e0]

GC Heap History (10 events):
Event: 6.190 GC heap before
{Heap before GC invocations=6 (full 1):
 PSYoungGen      total 100864K, used 99948K [0x00000000f5580000, 0x00000000fc380000, 0x0000000100000000)
  eden space 91136K, 100% used [0x00000000f5580000,0x00000000fae80000,0x00000000fae80000)
  from space 9728K, 90% used [0x00000000fba00000,0x00000000fc29b0a8,0x00000000fc380000)
  to   space 10752K, 0% used [0x00000000fae80000,0x00000000fae80000,0x00000000fb900000)
 ParOldGen       total 111616K, used 9447K [0x00000000e0000000, 0x00000000e6d00000, 0x00000000f5580000)
  object space 111616K, 8% used [0x00000000e0000000,0x00000000e0939cc0,0x00000000e6d00000)
 Metaspace       used 30881K, capacity 32652K, committed 33024K, reserved 1077248K
  class space    used 4154K, capacity 4488K, committed 4608K, reserved 1048576K
Event: 6.204 GC heap after
Heap after GC invocations=6 (full 1):
 PSYoungGen      total 101888K, used 10726K [0x00000000f5580000, 0x00000000fea00000, 0x0000000100000000)
  eden space 91136K, 0% used [0x00000000f5580000,0x00000000f5580000,0x00000000fae80000)
  from space 10752K, 99% used [0x00000000fae80000,0x00000000fb8f9a48,0x00000000fb900000)
  to   space 12800K, 0% used [0x00000000fdd80000,0x00000000fdd80000,0x00000000fea00000)
 ParOldGen       total 111616K, used 10827K [0x00000000e0000000, 0x00000000e6d00000, 0x00000000f5580000)
  object space 111616K, 9% used [0x00000000e0000000,0x00000000e0a92d00,0x00000000e6d00000)
 Metaspace       used 30881K, capacity 32652K, committed 33024K, reserved 1077248K
  class space    used 4154K, capacity 4488K, committed 4608K, reserved 1048576K
}
Event: 6.817 GC heap before
{Heap before GC invocations=7 (full 1):
 PSYoungGen      total 101888K, used 56168K [0x00000000f5580000, 0x00000000fea00000, 0x0000000100000000)
  eden space 91136K, 49% used [0x00000000f5580000,0x00000000f81e0658,0x00000000fae80000)
  from space 10752K, 99% used [0x00000000fae80000,0x00000000fb8f9a48,0x00000000fb900000)
  to   space 12800K, 0% used [0x00000000fdd80000,0x00000000fdd80000,0x00000000fea00000)
 ParOldGen       total 111616K, used 10827K [0x00000000e0000000, 0x00000000e6d00000, 0x00000000f5580000)
  object space 111616K, 9% used [0x00000000e0000000,0x00000000e0a92d00,0x00000000e6d00000)
 Metaspace       used 33552K, capacity 35410K, committed 35496K, reserved 1079296K
  class space    used 4696K, capacity 5061K, committed 5120K, reserved 1048576K
Event: 6.827 GC heap after
Heap after GC invocations=7 (full 1):
 PSYoungGen      total 139776K, used 8872K [0x00000000f5580000, 0x00000000feb00000, 0x0000000100000000)
  eden space 126976K, 0% used [0x00000000f5580000,0x00000000f5580000,0x00000000fd180000)
  from space 12800K, 69% used [0x00000000fdd80000,0x00000000fe62a3d0,0x00000000fea00000)
  to   space 12288K, 0% used [0x00000000fd180000,0x00000000fd180000,0x00000000fdd80000)
 ParOldGen       total 111616K, used 10835K [0x00000000e0000000, 0x00000000e6d00000, 0x00000000f5580000)
  object space 111616K, 9% used [0x00000000e0000000,0x00000000e0a94d00,0x00000000e6d00000)
 Metaspace       used 33552K, capacity 35410K, committed 35496K, reserved 1079296K
  class space    used 4696K, capacity 5061K, committed 5120K, reserved 1048576K
}
Event: 6.827 GC heap before
{Heap before GC invocations=8 (full 2):
 PSYoungGen      total 139776K, used 8872K [0x00000000f5580000, 0x00000000feb00000, 0x0000000100000000)
  eden space 126976K, 0% used [0x00000000f5580000,0x00000000f5580000,0x00000000fd180000)
  from space 12800K, 69% used [0x00000000fdd80000,0x00000000fe62a3d0,0x00000000fea00000)
  to   space 12288K, 0% used [0x00000000fd180000,0x00000000fd180000,0x00000000fdd80000)
 ParOldGen       total 111616K, used 10835K [0x00000000e0000000, 0x00000000e6d00000, 0x00000000f5580000)
  object space 111616K, 9% used [0x00000000e0000000,0x00000000e0a94d00,0x00000000e6d00000)
 Metaspace       used 33552K, capacity 35410K, committed 35496K, reserved 1079296K
  class space    used 4696K, capacity 5061K, committed 5120K, reserved 1048576K
Event: 6.875 GC heap after
Heap after GC invocations=8 (full 2):
 PSYoungGen      total 139776K, used 0K [0x00000000f5580000, 0x00000000feb00000, 0x0000000100000000)
  eden space 126976K, 0% used [0x00000000f5580000,0x00000000f5580000,0x00000000fd180000)
  from space 12800K, 0% used [0x00000000fdd80000,0x00000000fdd80000,0x00000000fea00000)
  to   space 12288K, 0% used [0x00000000fd180000,0x00000000fd180000,0x00000000fdd80000)
 ParOldGen       total 173056K, used 13368K [0x00000000e0000000, 0x00000000ea900000, 0x00000000f5580000)
  object space 173056K, 7% used [0x00000000e0000000,0x00000000e0d0e318,0x00000000ea900000)
 Metaspace       used 33552K, capacity 35410K, committed 35496K, reserved 1079296K
  class space    used 4696K, capacity 5061K, committed 5120K, reserved 1048576K
}
Event: 8.909 GC heap before
{Heap before GC invocations=9 (full 2):
 PSYoungGen      total 139776K, used 126976K [0x00000000f5580000, 0x00000000feb00000, 0x0000000100000000)
  eden space 126976K, 100% used [0x00000000f5580000,0x00000000fd180000,0x00000000fd180000)
  from space 12800K, 0% used [0x00000000fdd80000,0x00000000fdd80000,0x00000000fea00000)
  to   space 12288K, 0% used [0x00000000fd180000,0x00000000fd180000,0x00000000fdd80000)
 ParOldGen       total 173056K, used 13368K [0x00000000e0000000, 0x00000000ea900000, 0x00000000f5580000)
  object space 173056K, 7% used [0x00000000e0000000,0x00000000e0d0e318,0x00000000ea900000)
 Metaspace       used 37737K, capacity 40102K, committed 40320K, reserved 1083392K
  class space    used 5283K, capacity 5711K, committed 5760K, reserved 1048576K
Event: 8.919 GC heap after
Heap after GC invocations=9 (full 2):
 PSYoungGen      total 139264K, used 7308K [0x00000000f5580000, 0x00000000fff80000, 0x0000000100000000)
  eden space 126976K, 0% used [0x00000000f5580000,0x00000000f5580000,0x00000000fd180000)
  from space 12288K, 59% used [0x00000000fd180000,0x00000000fd8a3368,0x00000000fdd80000)
  to   space 12288K, 0% used [0x00000000ff380000,0x00000000ff380000,0x00000000fff80000)
 ParOldGen       total 173056K, used 13376K [0x00000000e0000000, 0x00000000ea900000, 0x00000000f5580000)
  object space 173056K, 7% used [0x00000000e0000000,0x00000000e0d10318,0x00000000ea900000)
 Metaspace       used 37737K, capacity 40102K, committed 40320K, reserved 1083392K
  class space    used 5283K, capacity 5711K, committed 5760K, reserved 1048576K
}
Event: 10.767 GC heap before
{Heap before GC invocations=10 (full 2):
 PSYoungGen      total 139264K, used 134284K [0x00000000f5580000, 0x00000000fff80000, 0x0000000100000000)
  eden space 126976K, 100% used [0x00000000f5580000,0x00000000fd180000,0x00000000fd180000)
  from space 12288K, 59% used [0x00000000fd180000,0x00000000fd8a3368,0x00000000fdd80000)
  to   space 12288K, 0% used [0x00000000ff380000,0x00000000ff380000,0x00000000fff80000)
 ParOldGen       total 173056K, used 13376K [0x00000000e0000000, 0x00000000ea900000, 0x00000000f5580000)
  object space 173056K, 7% used [0x00000000e0000000,0x00000000e0d10318,0x00000000ea900000)
 Metaspace       used 41711K, capacity 44532K, committed 44672K, reserved 1087488K
  class space    used 5968K, capacity 6482K, committed 6528K, reserved 1048576K
Event: 10.782 GC heap after
Heap after GC invocations=10 (full 2):
 PSYoungGen      total 160256K, used 12262K [0x00000000f5580000, 0x0000000100000000, 0x0000000100000000)
  eden space 147968K, 0% used [0x00000000f5580000,0x00000000f5580000,0x00000000fe600000)
  from space 12288K, 99% used [0x00000000ff380000,0x00000000fff79b58,0x00000000fff80000)
  to   space 13312K, 0% used [0x00000000fe600000,0x00000000fe600000,0x00000000ff300000)
 ParOldGen       total 173056K, used 13591K [0x00000000e0000000, 0x00000000ea900000, 0x00000000f5580000)
  object space 173056K, 7% used [0x00000000e0000000,0x00000000e0d45d58,0x00000000ea900000)
 Metaspace       used 41711K, capacity 44532K, committed 44672K, reserved 1087488K
  class space    used 5968K, capacity 6482K, committed 6528K, reserved 1048576K
}

Deoptimization events (10 events):
Event: 11.615 Thread 0x000001a162db4800 Uncommon trap: reason=unstable_if action=reinterpret pc=0x000001a14ffd7a54 method=java.util.HashMap.getNode(ILjava/lang/Object;)Ljava/util/HashMap$Node; @ 84
Event: 11.656 Thread 0x000001a162db4800 Uncommon trap: reason=unstable_if action=reinterpret pc=0x000001a150bdc984 method=sun.reflect.misc.ReflectUtil.isNonPublicProxyClass(Ljava/lang/Class;)Z @ 14
Event: 11.677 Thread 0x000001a162db4800 Uncommon trap: reason=unstable_if action=reinterpret pc=0x000001a15058269c method=java.util.LinkedHashMap.afterNodeInsertion(Z)V @ 18
Event: 11.734 Thread 0x000001a162db4800 Uncommon trap: reason=unstable_if action=reinterpret pc=0x000001a14fe8942c method=java.lang.reflect.Modifier.toString(I)Ljava/lang/String; @ 123
Event: 11.749 Thread 0x000001a162db4800 Uncommon trap: reason=unstable_if action=reinterpret pc=0x000001a15054d890 method=springfox.documentation.schema.AlternateTypeRule.appliesTo(Lcom/fasterxml/classmate/ResolvedType;)Z @ 29
Event: 12.011 Thread 0x000001a162db4800 Uncommon trap: reason=bimorphic action=maybe_recompile pc=0x000001a150dfa70c method=java.util.HashMap$ValueSpliterator.forEachRemaining(Ljava/util/function/Consumer;)V @ 145
Event: 12.035 Thread 0x000001a162db4800 Uncommon trap: reason=unstable_if action=reinterpret pc=0x000001a150c715d8 method=org.springframework.util.ConcurrentReferenceHashMap$Segment.clear()V @ 7
Event: 12.053 Thread 0x000001a162db4800 Uncommon trap: reason=unstable_if action=reinterpret pc=0x000001a150557444 method=java.util.LinkedHashMap.get(Ljava/lang/Object;)Ljava/lang/Object; @ 20
Event: 12.087 Thread 0x000001a162db4800 Uncommon trap: reason=unstable_if action=reinterpret pc=0x000001a14febe940 method=java.lang.CharacterData.of(I)Ljava/lang/CharacterData; @ 4
Event: 12.164 Thread 0x000001a162db4800 Uncommon trap: reason=unstable_if action=reinterpret pc=0x000001a1506fc010 method=java.util.regex.Pattern$BmpCharProperty.match(Ljava/util/regex/Matcher;ILjava/lang/CharSequence;)Z @ 5

Classes redefined (0 events):
No events

Internal exceptions (10 events):
Event: 11.738 Thread 0x000001a162db4800 Exception <a 'java/lang/ClassNotFoundException': java/util/SetCustomizer> (0x00000000f95823d8) thrown at [C:\jenkins\workspace\8-2-build-windows-amd64-cygwin\jdk8u281\880\hotspot\src\share\vm\classfile\systemDictionary.cpp, line 212]
Event: 11.748 Thread 0x000001a162db4800 Exception <a 'java/lang/ClassNotFoundException': org/springframework/web/server/WebSessionBeanInfo> (0x00000000f95fe4e8) thrown at [C:\jenkins\workspace\8-2-build-windows-amd64-cygwin\jdk8u281\880\hotspot\src\share\vm\classfile\systemDictionary.cpp, line 
Event: 11.748 Thread 0x000001a162db4800 Exception <a 'java/lang/ClassNotFoundException': org/springframework/web/server/WebSessionCustomizer> (0x00000000f961dde0) thrown at [C:\jenkins\workspace\8-2-build-windows-amd64-cygwin\jdk8u281\880\hotspot\src\share\vm\classfile\systemDictionary.cpp, lin
Event: 11.751 Thread 0x000001a162db4800 Exception <a 'java/lang/ClassNotFoundException': java/time/DurationBeanInfo> (0x00000000f9655b98) thrown at [C:\jenkins\workspace\8-2-build-windows-amd64-cygwin\jdk8u281\880\hotspot\src\share\vm\classfile\systemDictionary.cpp, line 212]
Event: 11.751 Thread 0x000001a162db4800 Exception <a 'java/lang/ClassNotFoundException': java/time/DurationCustomizer> (0x00000000f9661a30) thrown at [C:\jenkins\workspace\8-2-build-windows-amd64-cygwin\jdk8u281\880\hotspot\src\share\vm\classfile\systemDictionary.cpp, line 212]
Event: 11.755 Thread 0x000001a162db4800 Exception <a 'java/lang/ClassNotFoundException': java/time/temporal/TemporalUnitBeanInfo> (0x00000000f96b2020) thrown at [C:\jenkins\workspace\8-2-build-windows-amd64-cygwin\jdk8u281\880\hotspot\src\share\vm\classfile\systemDictionary.cpp, line 212]
Event: 11.756 Thread 0x000001a162db4800 Exception <a 'java/lang/ClassNotFoundException': java/time/temporal/TemporalUnitCustomizer> (0x00000000f96c0710) thrown at [C:\jenkins\workspace\8-2-build-windows-amd64-cygwin\jdk8u281\880\hotspot\src\share\vm\classfile\systemDictionary.cpp, line 212]
Event: 12.053 Thread 0x000001a162db4800 Exception <a 'java/lang/ClassNotFoundException': java/lang/ObjectCustomizer> (0x00000000fa9a4dd0) thrown at [C:\jenkins\workspace\8-2-build-windows-amd64-cygwin\jdk8u281\880\hotspot\src\share\vm\classfile\systemDictionary.cpp, line 212]
Event: 12.055 Thread 0x000001a162db4800 Exception <a 'java/lang/ClassNotFoundException': com/islam/microservices/composite/product/ProductCompositeServiceApplicationTestsCustomizer> (0x00000000fa9d59a0) thrown at [C:\jenkins\workspace\8-2-build-windows-amd64-cygwin\jdk8u281\880\hotspot\src\shar
Event: 12.079 Thread 0x000001a162db4800 Exception <a 'java/lang/IncompatibleClassChangeError': Found class java.lang.Object, but interface was expected> (0x00000000faa82698) thrown at [C:\jenkins\workspace\8-2-build-windows-amd64-cygwin\jdk8u281\880\hotspot\src\share\vm\interpreter\linkResolver

Events (10 events):
Event: 12.203 loading class org/springframework/test/web/reactive/server/HttpHandlerConnector
Event: 12.203 loading class org/springframework/test/web/reactive/server/HttpHandlerConnector done
Event: 12.203 loading class reactor/core/scheduler/Schedulers$CachedScheduler
Event: 12.203 loading class reactor/core/scheduler/Schedulers$CachedScheduler done
Event: 12.204 loading class reactor/core/scheduler/ReactorThreadFactory
Event: 12.204 loading class reactor/core/scheduler/ReactorThreadFactory done
Event: 12.204 loading class reactor/core/scheduler/ReactorThreadFactory$NonBlockingThread
Event: 12.204 loading class reactor/core/scheduler/ReactorThreadFactory$NonBlockingThread done
Event: 12.206 loading class reactor/core/scheduler/ParallelScheduler
Event: 12.206 loading class reactor/core/scheduler/ParallelScheduler done


Dynamic libraries:
0x00007ff70eb30000 - 0x00007ff70eb77000 	D:\Program Files\Java\jdk1.8.0_281\bin\java.exe
0x00007ff957630000 - 0x00007ff957825000 	C:\Windows\SYSTEM32\ntdll.dll
0x00007ff955db0000 - 0x00007ff955e6d000 	C:\Windows\System32\KERNEL32.DLL
0x00007ff954fa0000 - 0x00007ff955268000 	C:\Windows\System32\KERNELBASE.dll
0x00007ff955e70000 - 0x00007ff955f1c000 	C:\Windows\System32\ADVAPI32.dll
0x00007ff955740000 - 0x00007ff9557de000 	C:\Windows\System32\msvcrt.dll
0x00007ff956030000 - 0x00007ff9560cb000 	C:\Windows\System32\sechost.dll
0x00007ff956860000 - 0x00007ff95698b000 	C:\Windows\System32\RPCRT4.dll
0x00007ff9566c0000 - 0x00007ff956860000 	C:\Windows\System32\USER32.dll
0x00007ff955270000 - 0x00007ff955292000 	C:\Windows\System32\win32u.dll
0x00007ff956560000 - 0x00007ff95658a000 	C:\Windows\System32\GDI32.dll
0x00007ff955500000 - 0x00007ff95560b000 	C:\Windows\System32\gdi32full.dll
0x00007ff954eb0000 - 0x00007ff954f4d000 	C:\Windows\System32\msvcp_win.dll
0x00007ff955400000 - 0x00007ff955500000 	C:\Windows\System32\ucrtbase.dll
0x00007ff945d60000 - 0x00007ff945ffa000 	C:\Windows\WinSxS\amd64_microsoft.windows.common-controls_6595b64144ccf1df_6.0.19041.844_none_ca00b6081b84eb1d\COMCTL32.dll
0x00007ff9564d0000 - 0x00007ff956500000 	C:\Windows\System32\IMM32.DLL
0x00007ff945750000 - 0x00007ff945765000 	D:\Program Files\Java\jdk1.8.0_281\jre\bin\vcruntime140.dll
0x00007ff942e40000 - 0x00007ff942edb000 	D:\Program Files\Java\jdk1.8.0_281\jre\bin\msvcp140.dll
0x000000005dd60000 - 0x000000005e5bf000 	D:\Program Files\Java\jdk1.8.0_281\jre\bin\server\jvm.dll
0x00007ff9560d0000 - 0x00007ff9560d8000 	C:\Windows\System32\PSAPI.DLL
0x00007ff94a3a0000 - 0x00007ff94a3a9000 	C:\Windows\SYSTEM32\WSOCK32.dll
0x00007ff9573f0000 - 0x00007ff95745b000 	C:\Windows\System32\WS2_32.dll
0x00007ff9491c0000 - 0x00007ff9491e7000 	C:\Windows\SYSTEM32\WINMM.dll
0x00007ff94c850000 - 0x00007ff94c85a000 	C:\Windows\SYSTEM32\VERSION.dll
0x00007ff952bb0000 - 0x00007ff952bc2000 	C:\Windows\SYSTEM32\kernel.appcore.dll
0x00007ff950470000 - 0x00007ff950480000 	D:\Program Files\Java\jdk1.8.0_281\jre\bin\verify.dll
0x00007ff945360000 - 0x00007ff94538b000 	D:\Program Files\Java\jdk1.8.0_281\jre\bin\java.dll
0x00007ff943640000 - 0x00007ff943658000 	D:\Program Files\Java\jdk1.8.0_281\jre\bin\zip.dll
0x00007ff956ad0000 - 0x00007ff957212000 	C:\Windows\System32\SHELL32.dll
0x00007ff952e90000 - 0x00007ff953621000 	C:\Windows\SYSTEM32\windows.storage.dll
0x00007ff956170000 - 0x00007ff9564c5000 	C:\Windows\System32\combase.dll
0x00007ff954710000 - 0x00007ff95473c000 	C:\Windows\SYSTEM32\Wldp.dll
0x00007ff955f20000 - 0x00007ff955fce000 	C:\Windows\System32\SHCORE.dll
0x00007ff956500000 - 0x00007ff956555000 	C:\Windows\System32\shlwapi.dll
0x00007ff954cb0000 - 0x00007ff954ccf000 	C:\Windows\SYSTEM32\profapi.dll
0x00007ff943420000 - 0x00007ff94343c000 	D:\Program Files\Java\jdk1.8.0_281\jre\bin\net.dll
0x00007ff9544f0000 - 0x00007ff95455a000 	C:\Windows\system32\mswsock.dll
0x00007ff942f20000 - 0x00007ff942f33000 	D:\Program Files\Java\jdk1.8.0_281\jre\bin\nio.dll
0x00007ff954750000 - 0x00007ff954768000 	C:\Windows\SYSTEM32\CRYPTSP.dll
0x00007ff953e40000 - 0x00007ff953e74000 	C:\Windows\system32\rsaenh.dll
0x00007ff954e80000 - 0x00007ff954ea7000 	C:\Windows\System32\bcrypt.dll
0x00007ff954c70000 - 0x00007ff954c9e000 	C:\Windows\SYSTEM32\USERENV.dll
0x00007ff955610000 - 0x00007ff955690000 	C:\Windows\System32\bcryptprimitives.dll
0x00007ff954670000 - 0x00007ff95467c000 	C:\Windows\SYSTEM32\CRYPTBASE.dll
0x00007ff9541b0000 - 0x00007ff9541eb000 	C:\Windows\SYSTEM32\IPHLPAPI.DLL
0x00007ff956590000 - 0x00007ff956598000 	C:\Windows\System32\NSI.dll
0x00007ff94eed0000 - 0x00007ff94eee7000 	C:\Windows\SYSTEM32\dhcpcsvc6.DLL
0x00007ff94ed10000 - 0x00007ff94ed2d000 	C:\Windows\SYSTEM32\dhcpcsvc.DLL
0x00007ff954200000 - 0x00007ff9542cc000 	C:\Windows\SYSTEM32\DNSAPI.dll
0x00007ff950440000 - 0x00007ff95044d000 	D:\Program Files\Java\jdk1.8.0_281\jre\bin\management.dll
0x00007ff94f020000 - 0x00007ff94f037000 	C:\Windows\system32\napinsp.dll
0x00007ff94c110000 - 0x00007ff94c12b000 	C:\Windows\system32\pnrpnsp.dll
0x00007ff933ee0000 - 0x00007ff933ef5000 	C:\Windows\system32\wshbth.dll
0x00007ff94f420000 - 0x00007ff94f43d000 	C:\Windows\system32\NLAapi.dll
0x00007ff94c0f0000 - 0x00007ff94c102000 	C:\Windows\System32\winrnr.dll
0x00007ff94c5c0000 - 0x00007ff94c5ca000 	C:\Windows\System32\rasadhlp.dll
0x00007ff94d500000 - 0x00007ff94d57f000 	C:\Windows\System32\fwpuclnt.dll
0x00007ff94bb80000 - 0x00007ff94bd64000 	C:\Windows\SYSTEM32\dbghelp.dll

VM Arguments:
jvm_args: -Djava.security.manager=worker.org.gradle.process.internal.worker.child.BootstrapSecurityManager -Dorg.gradle.native=false -Xmx512m -Dfile.encoding=windows-1252 -Duser.country=CA -Duser.language=en -Duser.variant -ea 
java_command: worker.org.gradle.process.internal.worker.GradleWorkerMain 'Gradle Test Executor 8'
java_class_path (initial): C:\Users\islam\.gradle\caches\6.8.3\workerMain\gradle-worker.jar
Launcher Type: SUN_STANDARD

Environment Variables:
PATH=C:\Users\islam\.sdkman\candidates\springboot\current\bin;C:\Users\islam\bin;D:\Program Files\Git\mingw64\bin;D:\Program Files\Git\usr\local\bin;D:\Program Files\Git\usr\bin;D:\Program Files\Git\usr\bin;D:\Program Files\Git\mingw64\bin;D:\Program Files\Git\usr\bin;C:\Users\islam\bin;C:\Program Files (x86)\Common Files\Oracle\Java\javapath;C:\Windows\system32;C:\Windows;C:\Windows\System32\Wbem;C:\Windows\System32\WindowsPowerShell\v1.0;C:\Windows\System32\OpenSSH;D:\Program Files\Git\cmd;C:\Program Files\dotnet;C:\Program Files\Docker\Docker\resources\bin;C:\ProgramData\DockerDesktop\version-bin;C:\Program Files\Microsoft SQL Server\130\Tools\Binn;D:\Program Files\7-Zip;C:\Program Files\jq;C:\Program Files\MySQL\MySQL Shell 8.0\bin;C:\Users\islam\AppData\Local\Microsoft\WindowsApps;C:\Users\islam\.dotnet\tools;D:\Program Files\Git\usr\bin\vendor_perl;D:\Program Files\Git\usr\bin\core_perl
USERNAME=islam
SHELL=D:\Program Files\Git\usr\bin\bash.exe
DISPLAY=needs-to-be-defined
OS=Windows_NT
PROCESSOR_IDENTIFIER=Intel64 Family 6 Model 58 Stepping 9, GenuineIntel



---------------  S Y S T E M  ---------------

OS: Windows 10.0 , 64 bit Build 19041 (10.0.19041.928)

CPU:total 4 (initial active 4) (4 cores per cpu, 1 threads per core) family 6 model 58 stepping 9, cmov, cx8, fxsr, mmx, sse, sse2, sse3, ssse3, sse4.1, sse4.2, popcnt, avx, aes, clmul, erms, tsc, tscinvbit, tscinv

Memory: 4k page, physical 16726592k(1886832k free), swap 32276036k(12804k free)

vm_info: Java HotSpot(TM) 64-Bit Server VM (25.281-b09) for windows-amd64 JRE (1.8.0_281-b09), built on Dec  9 2020 13:54:07 by "" with MS VC++ 15.9 (VS2017)

time: Wed May  5 15:40:50 2021
timezone: Eastern Daylight Time
elapsed time: 12.237698 seconds (0d 0h 0m 12s)

