#
# There is insufficient memory for the Java Runtime Environment to continue.
# Native memory allocation (malloc) failed to allocate 32744 bytes for ChunkPool::allocate
# Possible reasons:
#   The system is out of physical RAM or swap space
#   The process is running with CompressedOops enabled, and the Java Heap may be blocking the growth of the native heap
# Possible solutions:
#   Reduce memory load on the system
#   Increase physical memory or swap space
#   Check if swap backing store is full
#   Decrease Java heap size (-Xmx/-Xms)
#   Decrease number of Java threads
#   Decrease Java thread stack sizes (-Xss)
#   Set larger code cache with -XX:ReservedCodeCacheSize=
#   JVM is running with Unscaled Compressed Oops mode in which the Java heap is
#     placed in the first 4GB address space. The Java Heap base address is the
#     maximum limit for the native heap growth. Please use -XX:HeapBaseMinAddress
#     to set the Java Heap base and to place the Java Heap above 4GB virtual address.
# This output file may be truncated or incomplete.
#
#  Out of Memory Error (allocation.cpp:272), pid=21900, tid=0x00000000000043c4
#
# JRE version: Java(TM) SE Runtime Environment (8.0_281-b09) (build 1.8.0_281-b09)
# Java VM: Java HotSpot(TM) 64-Bit Server VM (25.281-b09 mixed mode windows-amd64 compressed oops)
# Failed to write core dump. Minidumps are not enabled by default on client versions of Windows
#

---------------  T H R E A D  ---------------

Current thread (0x00000226a4c9e000):  JavaThread "C2 CompilerThread1" daemon [_thread_in_native, id=17348, stack(0x0000004170000000,0x0000004170100000)]

Stack: [0x0000004170000000,0x0000004170100000]
Native frames: (J=compiled Java code, j=interpreted, Vv=VM code, C=native code)
V  [jvm.dll+0x32e5b9]
V  [jvm.dll+0x275012]
V  [jvm.dll+0x275cbd]
V  [jvm.dll+0x26c6f5]
V  [jvm.dll+0xd569d]
V  [jvm.dll+0xd59fc]
V  [jvm.dll+0x4e4c29]
V  [jvm.dll+0x43749e]
V  [jvm.dll+0x4403d5]
V  [jvm.dll+0x43f795]
V  [jvm.dll+0x42a5e7]
V  [jvm.dll+0xabe9b]
V  [jvm.dll+0xaa4fb]
V  [jvm.dll+0x23d6b2]
V  [jvm.dll+0x291cbc]
C  [ucrtbase.dll+0x21bb2]
C  [KERNEL32.DLL+0x17034]
C  [ntdll.dll+0x52651]


Current CompileTask:
C2:  10631 4752       4       org.springframework.core.BridgeMethodResolver::findBridgedMethod (117 bytes)


---------------  P R O C E S S  ---------------

Java Threads: ( => current thread )
  0x00000226ad01e800 JavaThread "parallel-1" daemon [_thread_in_native, id=6880, stack(0x0000004170a00000,0x0000004170b00000)]
  0x00000226a6b62000 JavaThread "server" [_thread_blocked, id=22044, stack(0x0000004170900000,0x0000004170a00000)]
  0x00000226a6a3b000 JavaThread "reactor-http-nio-1" daemon [_thread_in_native, id=11184, stack(0x0000004170800000,0x0000004170900000)]
  0x00000226a6368000 JavaThread "/127.0.0.1:54823 to /127.0.0.1:54821 workers Thread 3" [_thread_in_native, id=24892, stack(0x0000004170700000,0x0000004170800000)]
  0x00000226a6495000 JavaThread "/127.0.0.1:54823 to /127.0.0.1:54821 workers Thread 2" [_thread_blocked, id=20632, stack(0x0000004170600000,0x0000004170700000)]
  0x00000226a618b800 JavaThread "Test worker" [_thread_blocked, id=25800, stack(0x0000004170500000,0x0000004170600000)]
  0x00000226a4cae000 JavaThread "Service Thread" daemon [_thread_blocked, id=26096, stack(0x0000004170200000,0x0000004170300000)]
  0x00000226a4ca7800 JavaThread "C1 CompilerThread2" daemon [_thread_blocked, id=960, stack(0x0000004170100000,0x0000004170200000)]
=>0x00000226a4c9e000 JavaThread "C2 CompilerThread1" daemon [_thread_in_native, id=17348, stack(0x0000004170000000,0x0000004170100000)]
  0x00000226a4c46000 JavaThread "C2 CompilerThread0" daemon [_thread_in_native, id=15764, stack(0x000000416ff00000,0x0000004170000000)]
  0x00000226a4c44000 JavaThread "Attach Listener" daemon [_thread_blocked, id=8572, stack(0x000000416fe00000,0x000000416ff00000)]
  0x00000226a4c43000 JavaThread "Signal Dispatcher" daemon [_thread_blocked, id=18888, stack(0x000000416fd00000,0x000000416fe00000)]
  0x00000226a447c000 JavaThread "Finalizer" daemon [_thread_blocked, id=18000, stack(0x000000416fc00000,0x000000416fd00000)]
  0x00000226a4bb6000 JavaThread "Reference Handler" daemon [_thread_blocked, id=12156, stack(0x000000416fb00000,0x000000416fc00000)]
  0x0000022691bc4800 JavaThread "main" [_thread_blocked, id=26020, stack(0x000000416f500000,0x000000416f600000)]

Other Threads:
  0x00000226a4b93000 VMThread [stack: 0x000000416fa00000,0x000000416fb00000] [id=22180]
  0x00000226a592a000 WatcherThread [stack: 0x0000004170300000,0x0000004170400000] [id=6508]

VM state:not at safepoint (normal execution)

VM Mutex/Monitor currently owned by a thread: None

heap address: 0x00000000e0000000, size: 512 MB, Compressed Oops mode: 32-bit
Narrow klass base: 0x0000000000000000, Narrow klass shift: 3
Compressed class space size: 1073741824 Address: 0x0000000100000000

Heap:
 PSYoungGen      total 156672K, used 73057K [0x00000000f5580000, 0x0000000100000000, 0x0000000100000000)
  eden space 142848K, 41% used [0x00000000f5580000,0x00000000f8f5e818,0x00000000fe100000)
  from space 13824K, 99% used [0x00000000ff180000,0x00000000ffef9e00,0x00000000fff00000)
  to   space 15872K, 0% used [0x00000000fe100000,0x00000000fe100000,0x00000000ff080000)
 ParOldGen       total 104448K, used 15799K [0x00000000e0000000, 0x00000000e6600000, 0x00000000f5580000)
  object space 104448K, 15% used [0x00000000e0000000,0x00000000e0f6dcc8,0x00000000e6600000)
 Metaspace       used 47436K, capacity 51660K, committed 51712K, reserved 1093632K
  class space    used 6890K, capacity 7638K, committed 7680K, reserved 1048576K

Card table byte_map: [0x00000226a28b0000,0x00000226a29c0000] byte_map_base: 0x00000226a21b0000

Marking Bits: (ParMarkBitMap*) 0x000000005e546ff0
 Begin Bits: [0x00000226a2a70000, 0x00000226a3270000)
 End Bits:   [0x00000226a3270000, 0x00000226a3a70000)

Polling page: 0x00000226934c0000

CodeCache: size=245760Kb used=17060Kb max_used=17060Kb free=228699Kb
 bounds [0x00000226934f0000, 0x00000226945b0000, 0x00000226a24f0000]
 total_blobs=5363 nmethods=4901 adapters=373
 compilation: enabled

Compilation events (10 events):
Event: 10.300 Thread 0x00000226a4ca7800 5331       1       java.lang.StackTraceElement::getClassName (5 bytes)
Event: 10.300 Thread 0x00000226a4ca7800 nmethod 5331 0x00000226945a2750 code [0x00000226945a28a0, 0x00000226945a29b8]
Event: 10.363 Thread 0x00000226a4ca7800 5333       2       java.util.stream.Stream::concat (73 bytes)
Event: 10.363 Thread 0x00000226a4ca7800 nmethod 5333 0x00000226945a2e10 code [0x00000226945a3000, 0x00000226945a3660]
Event: 10.488 Thread 0x00000226a4ca7800 5335       2       java.lang.String::toLowerCase (439 bytes)
Event: 10.490 Thread 0x00000226a4ca7800 nmethod 5335 0x00000226945a3b90 code [0x00000226945a3e00, 0x00000226945a49e0]
Event: 10.501 Thread 0x00000226a4ca7800 5336       2       java.lang.invoke.MethodHandles$Lookup::restrictReceiver (123 bytes)
Event: 10.501 Thread 0x00000226a4ca7800 nmethod 5336 0x00000226945a5550 code [0x00000226945a56e0, 0x00000226945a5960]
Event: 10.524 Thread 0x00000226a4ca7800 5337       2       java.lang.invoke.MethodTypeForm::pack (54 bytes)
Event: 10.524 Thread 0x00000226a4ca7800 nmethod 5337 0x00000226945a5bd0 code [0x00000226945a5d20, 0x00000226945a5e78]

GC Heap History (10 events):
Event: 5.042 GC heap before
{Heap before GC invocations=6 (full 1):
 PSYoungGen      total 130048K, used 130031K [0x00000000f5580000, 0x00000000fe680000, 0x0000000100000000)
  eden space 123392K, 100% used [0x00000000f5580000,0x00000000fce00000,0x00000000fce00000)
  from space 6656K, 99% used [0x00000000fe000000,0x00000000fe67bf40,0x00000000fe680000)
  to   space 10752K, 0% used [0x00000000fd180000,0x00000000fd180000,0x00000000fdc00000)
 ParOldGen       total 77312K, used 4855K [0x00000000e0000000, 0x00000000e4b80000, 0x00000000f5580000)
  object space 77312K, 6% used [0x00000000e0000000,0x00000000e04bdee8,0x00000000e4b80000)
 Metaspace       used 28498K, capacity 30200K, committed 30336K, reserved 1075200K
  class space    used 3780K, capacity 4118K, committed 4224K, reserved 1048576K
Event: 5.054 GC heap after
Heap after GC invocations=6 (full 1):
 PSYoungGen      total 137728K, used 10741K [0x00000000f5580000, 0x0000000100000000, 0x0000000100000000)
  eden space 126976K, 0% used [0x00000000f5580000,0x00000000f5580000,0x00000000fd180000)
  from space 10752K, 99% used [0x00000000fd180000,0x00000000fdbfd548,0x00000000fdc00000)
  to   space 14336K, 0% used [0x00000000ff200000,0x00000000ff200000,0x0000000100000000)
 ParOldGen       total 77312K, used 7445K [0x00000000e0000000, 0x00000000e4b80000, 0x00000000f5580000)
  object space 77312K, 9% used [0x00000000e0000000,0x00000000e07457c8,0x00000000e4b80000)
 Metaspace       used 28498K, capacity 30200K, committed 30336K, reserved 1075200K
  class space    used 3780K, capacity 4118K, committed 4224K, reserved 1048576K
}
Event: 5.940 GC heap before
{Heap before GC invocations=7 (full 1):
 PSYoungGen      total 137728K, used 91043K [0x00000000f5580000, 0x0000000100000000, 0x0000000100000000)
  eden space 126976K, 63% used [0x00000000f5580000,0x00000000fa3eb810,0x00000000fd180000)
  from space 10752K, 99% used [0x00000000fd180000,0x00000000fdbfd548,0x00000000fdc00000)
  to   space 14336K, 0% used [0x00000000ff200000,0x00000000ff200000,0x0000000100000000)
 ParOldGen       total 77312K, used 7445K [0x00000000e0000000, 0x00000000e4b80000, 0x00000000f5580000)
  object space 77312K, 9% used [0x00000000e0000000,0x00000000e07457c8,0x00000000e4b80000)
 Metaspace       used 33557K, capacity 35410K, committed 35496K, reserved 1079296K
  class space    used 4700K, capacity 5061K, committed 5120K, reserved 1048576K
Event: 5.953 GC heap after
Heap after GC invocations=7 (full 1):
 PSYoungGen      total 160256K, used 10565K [0x00000000f5580000, 0x0000000100000000, 0x0000000100000000)
  eden space 145920K, 0% used [0x00000000f5580000,0x00000000f5580000,0x00000000fe400000)
  from space 14336K, 73% used [0x00000000ff200000,0x00000000ffc516e0,0x0000000100000000)
  to   space 14336K, 0% used [0x00000000fe400000,0x00000000fe400000,0x00000000ff200000)
 ParOldGen       total 77312K, used 7453K [0x00000000e0000000, 0x00000000e4b80000, 0x00000000f5580000)
  object space 77312K, 9% used [0x00000000e0000000,0x00000000e07477c8,0x00000000e4b80000)
 Metaspace       used 33557K, capacity 35410K, committed 35496K, reserved 1079296K
  class space    used 4700K, capacity 5061K, committed 5120K, reserved 1048576K
}
Event: 5.953 GC heap before
{Heap before GC invocations=8 (full 2):
 PSYoungGen      total 160256K, used 10565K [0x00000000f5580000, 0x0000000100000000, 0x0000000100000000)
  eden space 145920K, 0% used [0x00000000f5580000,0x00000000f5580000,0x00000000fe400000)
  from space 14336K, 73% used [0x00000000ff200000,0x00000000ffc516e0,0x0000000100000000)
  to   space 14336K, 0% used [0x00000000fe400000,0x00000000fe400000,0x00000000ff200000)
 ParOldGen       total 77312K, used 7453K [0x00000000e0000000, 0x00000000e4b80000, 0x00000000f5580000)
  object space 77312K, 9% used [0x00000000e0000000,0x00000000e07477c8,0x00000000e4b80000)
 Metaspace       used 33557K, capacity 35410K, committed 35496K, reserved 1079296K
  class space    used 4700K, capacity 5061K, committed 5120K, reserved 1048576K
Event: 5.997 GC heap after
Heap after GC invocations=8 (full 2):
 PSYoungGen      total 160256K, used 0K [0x00000000f5580000, 0x0000000100000000, 0x0000000100000000)
  eden space 145920K, 0% used [0x00000000f5580000,0x00000000f5580000,0x00000000fe400000)
  from space 14336K, 0% used [0x00000000ff200000,0x00000000ff200000,0x0000000100000000)
  to   space 14336K, 0% used [0x00000000fe400000,0x00000000fe400000,0x00000000ff200000)
 ParOldGen       total 104448K, used 14990K [0x00000000e0000000, 0x00000000e6600000, 0x00000000f5580000)
  object space 104448K, 14% used [0x00000000e0000000,0x00000000e0ea3978,0x00000000e6600000)
 Metaspace       used 33557K, capacity 35410K, committed 35496K, reserved 1079296K
  class space    used 4700K, capacity 5061K, committed 5120K, reserved 1048576K
}
Event: 7.590 GC heap before
{Heap before GC invocations=9 (full 2):
 PSYoungGen      total 160256K, used 145920K [0x00000000f5580000, 0x0000000100000000, 0x0000000100000000)
  eden space 145920K, 100% used [0x00000000f5580000,0x00000000fe400000,0x00000000fe400000)
  from space 14336K, 0% used [0x00000000ff200000,0x00000000ff200000,0x0000000100000000)
  to   space 14336K, 0% used [0x00000000fe400000,0x00000000fe400000,0x00000000ff200000)
 ParOldGen       total 104448K, used 14990K [0x00000000e0000000, 0x00000000e6600000, 0x00000000f5580000)
  object space 104448K, 14% used [0x00000000e0000000,0x00000000e0ea3978,0x00000000e6600000)
 Metaspace       used 38445K, capacity 40898K, committed 41216K, reserved 1085440K
  class space    used 5380K, capacity 5837K, committed 5888K, reserved 1048576K
Event: 7.600 GC heap after
Heap after GC invocations=9 (full 2):
 PSYoungGen      total 155136K, used 9017K [0x00000000f5580000, 0x00000000fff00000, 0x0000000100000000)
  eden space 145920K, 0% used [0x00000000f5580000,0x00000000f5580000,0x00000000fe400000)
  from space 9216K, 97% used [0x00000000fe400000,0x00000000fecce770,0x00000000fed00000)
  to   space 13824K, 0% used [0x00000000ff180000,0x00000000ff180000,0x00000000fff00000)
 ParOldGen       total 104448K, used 14998K [0x00000000e0000000, 0x00000000e6600000, 0x00000000f5580000)
  object space 104448K, 14% used [0x00000000e0000000,0x00000000e0ea5978,0x00000000e6600000)
 Metaspace       used 38445K, capacity 40898K, committed 41216K, reserved 1085440K
  class space    used 5380K, capacity 5837K, committed 5888K, reserved 1048576K
}
Event: 9.480 GC heap before
{Heap before GC invocations=10 (full 2):
 PSYoungGen      total 155136K, used 154937K [0x00000000f5580000, 0x00000000fff00000, 0x0000000100000000)
  eden space 145920K, 100% used [0x00000000f5580000,0x00000000fe400000,0x00000000fe400000)
  from space 9216K, 97% used [0x00000000fe400000,0x00000000fecce770,0x00000000fed00000)
  to   space 13824K, 0% used [0x00000000ff180000,0x00000000ff180000,0x00000000fff00000)
 ParOldGen       total 104448K, used 14998K [0x00000000e0000000, 0x00000000e6600000, 0x00000000f5580000)
  object space 104448K, 14% used [0x00000000e0000000,0x00000000e0ea5978,0x00000000e6600000)
 Metaspace       used 44324K, capacity 47312K, committed 47488K, reserved 1089536K
  class space    used 6352K, capacity 6926K, committed 7040K, reserved 1048576K
Event: 9.492 GC heap after
Heap after GC invocations=10 (full 2):
 PSYoungGen      total 156672K, used 13799K [0x00000000f5580000, 0x0000000100000000, 0x0000000100000000)
  eden space 142848K, 0% used [0x00000000f5580000,0x00000000f5580000,0x00000000fe100000)
  from space 13824K, 99% used [0x00000000ff180000,0x00000000ffef9e00,0x00000000fff00000)
  to   space 15872K, 0% used [0x00000000fe100000,0x00000000fe100000,0x00000000ff080000)
 ParOldGen       total 104448K, used 15799K [0x00000000e0000000, 0x00000000e6600000, 0x00000000f5580000)
  object space 104448K, 15% used [0x00000000e0000000,0x00000000e0f6dcc8,0x00000000e6600000)
 Metaspace       used 44324K, capacity 47312K, committed 47488K, reserved 1089536K
  class space    used 6352K, capacity 6926K, committed 7040K, reserved 1048576K
}

Deoptimization events (10 events):
Event: 9.731 Thread 0x00000226a618b800 Uncommon trap: reason=unstable_if action=reinterpret pc=0x00000226936d0eb4 method=java.util.stream.StreamOpFlag.fromCharacteristics(Ljava/util/Spliterator;)I @ 19
Event: 9.771 Thread 0x00000226a618b800 Uncommon trap: reason=unstable_if action=reinterpret pc=0x0000022693896444 method=java.util.stream.StreamOpFlag.fromCharacteristics(Ljava/util/Spliterator;)I @ 19
Event: 9.777 Thread 0x00000226a618b800 Uncommon trap: reason=unstable_if action=reinterpret pc=0x0000022693b43a40 method=com.fasterxml.classmate.ResolvedType.equals(Ljava/lang/Object;)Z @ 37
Event: 9.791 Thread 0x00000226a618b800 Uncommon trap: reason=unstable_if action=reinterpret pc=0x00000226937579d4 method=java.util.HashMap.getNode(ILjava/lang/Object;)Ljava/util/HashMap$Node; @ 84
Event: 9.843 Thread 0x00000226a618b800 Uncommon trap: reason=unstable_if action=reinterpret pc=0x0000022693c640dc method=java.util.LinkedHashMap.afterNodeInsertion(Z)V @ 18
Event: 9.859 Thread 0x00000226a618b800 Uncommon trap: reason=unstable_if action=reinterpret pc=0x000002269443e724 method=java.lang.reflect.Modifier.toString(I)Ljava/lang/String; @ 123
Event: 9.900 Thread 0x00000226a618b800 Uncommon trap: reason=unstable_if action=reinterpret pc=0x00000226943008b4 method=sun.reflect.misc.ReflectUtil.isNonPublicProxyClass(Ljava/lang/Class;)Z @ 14
Event: 10.194 Thread 0x00000226a618b800 Uncommon trap: reason=unstable_if action=reinterpret pc=0x000002269423c698 method=org.springframework.util.ConcurrentReferenceHashMap$Segment.clear()V @ 7
Event: 10.211 Thread 0x00000226a618b800 Uncommon trap: reason=unstable_if action=reinterpret pc=0x0000022693c7d644 method=java.util.LinkedHashMap.get(Ljava/lang/Object;)Ljava/lang/Object; @ 20
Event: 10.248 Thread 0x00000226a618b800 Uncommon trap: reason=unstable_if action=reinterpret pc=0x000002269362bb80 method=java.lang.CharacterData.of(I)Ljava/lang/CharacterData; @ 4

Classes redefined (0 events):
No events

Internal exceptions (10 events):
Event: 9.944 Thread 0x00000226a618b800 Exception <a 'java/lang/ClassNotFoundException': java/util/CollectionCustomizer> (0x00000000f7053b70) thrown at [C:\jenkins\workspace\8-2-build-windows-amd64-cygwin\jdk8u281\880\hotspot\src\share\vm\classfile\systemDictionary.cpp, line 212]
Event: 9.945 Thread 0x00000226a618b800 Exception <a 'java/lang/ClassNotFoundException': [ZBeanInfo> (0x00000000f706c4f0) thrown at [C:\jenkins\workspace\8-2-build-windows-amd64-cygwin\jdk8u281\880\hotspot\src\share\vm\prims\jni.cpp, line 737]
Event: 9.945 Thread 0x00000226a618b800 Exception <a 'java/lang/ClassNotFoundException': [ZBeanInfo> (0x00000000f706d0c8) thrown at [C:\jenkins\workspace\8-2-build-windows-amd64-cygwin\jdk8u281\880\hotspot\src\share\vm\prims\jni.cpp, line 737]
Event: 9.945 Thread 0x00000226a618b800 Exception <a 'java/lang/ClassNotFoundException': [ZCustomizer> (0x00000000f706dda8) thrown at [C:\jenkins\workspace\8-2-build-windows-amd64-cygwin\jdk8u281\880\hotspot\src\share\vm\prims\jni.cpp, line 737]
Event: 9.945 Thread 0x00000226a618b800 Exception <a 'java/lang/ClassNotFoundException': [ZCustomizer> (0x00000000f706e980) thrown at [C:\jenkins\workspace\8-2-build-windows-amd64-cygwin\jdk8u281\880\hotspot\src\share\vm\prims\jni.cpp, line 737]
Event: 9.948 Thread 0x00000226a618b800 Exception <a 'java/lang/ClassNotFoundException': java/security/PublicKeyBeanInfo> (0x00000000f70a49e0) thrown at [C:\jenkins\workspace\8-2-build-windows-amd64-cygwin\jdk8u281\880\hotspot\src\share\vm\classfile\systemDictionary.cpp, line 212]
Event: 9.948 Thread 0x00000226a618b800 Exception <a 'java/lang/ClassNotFoundException': java/security/PublicKeyCustomizer> (0x00000000f70b19d0) thrown at [C:\jenkins\workspace\8-2-build-windows-amd64-cygwin\jdk8u281\880\hotspot\src\share\vm\classfile\systemDictionary.cpp, line 212]
Event: 10.214 Thread 0x00000226a618b800 Exception <a 'java/lang/ClassNotFoundException': java/lang/ObjectCustomizer> (0x00000000f83ad6e8) thrown at [C:\jenkins\workspace\8-2-build-windows-amd64-cygwin\jdk8u281\880\hotspot\src\share\vm\classfile\systemDictionary.cpp, line 212]
Event: 10.216 Thread 0x00000226a618b800 Exception <a 'java/lang/ClassNotFoundException': com/islam/microservices/composite/product/ProductCompositeServiceApplicationTestsCustomizer> (0x00000000f83dee08) thrown at [C:\jenkins\workspace\8-2-build-windows-amd64-cygwin\jdk8u281\880\hotspot\src\shar
Event: 10.241 Thread 0x00000226a618b800 Exception <a 'java/lang/IncompatibleClassChangeError': Found class java.lang.Object, but interface was expected> (0x00000000f848d500) thrown at [C:\jenkins\workspace\8-2-build-windows-amd64-cygwin\jdk8u281\880\hotspot\src\share\vm\interpreter\linkResolver

Events (10 events):
Event: 10.603 loading class reactor/util/function/Tuple4
Event: 10.603 loading class reactor/util/function/Tuple4 done
Event: 10.604 loading class reactor/util/function/Tuple5
Event: 10.604 loading class reactor/util/function/Tuple5 done
Event: 10.608 loading class reactor/util/function/Tuple6
Event: 10.608 loading class reactor/util/function/Tuple6 done
Event: 10.609 loading class reactor/util/function/Tuple7
Event: 10.609 loading class reactor/util/function/Tuple7 done
Event: 10.609 loading class reactor/util/function/Tuple8
Event: 10.609 loading class reactor/util/function/Tuple8 done


Dynamic libraries:
0x00007ff70eb30000 - 0x00007ff70eb77000 	D:\Program Files\Java\jdk1.8.0_281\bin\java.exe
0x00007ff957630000 - 0x00007ff957825000 	C:\Windows\SYSTEM32\ntdll.dll
0x00007ff955db0000 - 0x00007ff955e6d000 	C:\Windows\System32\KERNEL32.DLL
0x00007ff954fa0000 - 0x00007ff955268000 	C:\Windows\System32\KERNELBASE.dll
0x00007ff955e70000 - 0x00007ff955f1c000 	C:\Windows\System32\ADVAPI32.dll
0x00007ff955740000 - 0x00007ff9557de000 	C:\Windows\System32\msvcrt.dll
0x00007ff956030000 - 0x00007ff9560cb000 	C:\Windows\System32\sechost.dll
0x00007ff956860000 - 0x00007ff95698b000 	C:\Windows\System32\RPCRT4.dll
0x00007ff9566c0000 - 0x00007ff956860000 	C:\Windows\System32\USER32.dll
0x00007ff955270000 - 0x00007ff955292000 	C:\Windows\System32\win32u.dll
0x00007ff956560000 - 0x00007ff95658a000 	C:\Windows\System32\GDI32.dll
0x00007ff955500000 - 0x00007ff95560b000 	C:\Windows\System32\gdi32full.dll
0x00007ff954eb0000 - 0x00007ff954f4d000 	C:\Windows\System32\msvcp_win.dll
0x00007ff955400000 - 0x00007ff955500000 	C:\Windows\System32\ucrtbase.dll
0x00007ff945d60000 - 0x00007ff945ffa000 	C:\Windows\WinSxS\amd64_microsoft.windows.common-controls_6595b64144ccf1df_6.0.19041.844_none_ca00b6081b84eb1d\COMCTL32.dll
0x00007ff9564d0000 - 0x00007ff956500000 	C:\Windows\System32\IMM32.DLL
0x00007ff945750000 - 0x00007ff945765000 	D:\Program Files\Java\jdk1.8.0_281\jre\bin\vcruntime140.dll
0x00007ff942e40000 - 0x00007ff942edb000 	D:\Program Files\Java\jdk1.8.0_281\jre\bin\msvcp140.dll
0x000000005dd60000 - 0x000000005e5bf000 	D:\Program Files\Java\jdk1.8.0_281\jre\bin\server\jvm.dll
0x00007ff9560d0000 - 0x00007ff9560d8000 	C:\Windows\System32\PSAPI.DLL
0x00007ff94a3a0000 - 0x00007ff94a3a9000 	C:\Windows\SYSTEM32\WSOCK32.dll
0x00007ff9573f0000 - 0x00007ff95745b000 	C:\Windows\System32\WS2_32.dll
0x00007ff9491c0000 - 0x00007ff9491e7000 	C:\Windows\SYSTEM32\WINMM.dll
0x00007ff94c850000 - 0x00007ff94c85a000 	C:\Windows\SYSTEM32\VERSION.dll
0x00007ff952bb0000 - 0x00007ff952bc2000 	C:\Windows\SYSTEM32\kernel.appcore.dll
0x00007ff950470000 - 0x00007ff950480000 	D:\Program Files\Java\jdk1.8.0_281\jre\bin\verify.dll
0x00007ff945360000 - 0x00007ff94538b000 	D:\Program Files\Java\jdk1.8.0_281\jre\bin\java.dll
0x00007ff943640000 - 0x00007ff943658000 	D:\Program Files\Java\jdk1.8.0_281\jre\bin\zip.dll
0x00007ff956ad0000 - 0x00007ff957212000 	C:\Windows\System32\SHELL32.dll
0x00007ff952e90000 - 0x00007ff953621000 	C:\Windows\SYSTEM32\windows.storage.dll
0x00007ff956170000 - 0x00007ff9564c5000 	C:\Windows\System32\combase.dll
0x00007ff954710000 - 0x00007ff95473c000 	C:\Windows\SYSTEM32\Wldp.dll
0x00007ff955f20000 - 0x00007ff955fce000 	C:\Windows\System32\SHCORE.dll
0x00007ff956500000 - 0x00007ff956555000 	C:\Windows\System32\shlwapi.dll
0x00007ff954cb0000 - 0x00007ff954ccf000 	C:\Windows\SYSTEM32\profapi.dll
0x00007ff943420000 - 0x00007ff94343c000 	D:\Program Files\Java\jdk1.8.0_281\jre\bin\net.dll
0x00007ff9544f0000 - 0x00007ff95455a000 	C:\Windows\system32\mswsock.dll
0x00007ff942f20000 - 0x00007ff942f33000 	D:\Program Files\Java\jdk1.8.0_281\jre\bin\nio.dll
0x00007ff954750000 - 0x00007ff954768000 	C:\Windows\SYSTEM32\CRYPTSP.dll
0x00007ff953e40000 - 0x00007ff953e74000 	C:\Windows\system32\rsaenh.dll
0x00007ff954e80000 - 0x00007ff954ea7000 	C:\Windows\System32\bcrypt.dll
0x00007ff954c70000 - 0x00007ff954c9e000 	C:\Windows\SYSTEM32\USERENV.dll
0x00007ff955610000 - 0x00007ff955690000 	C:\Windows\System32\bcryptprimitives.dll
0x00007ff954670000 - 0x00007ff95467c000 	C:\Windows\SYSTEM32\CRYPTBASE.dll
0x00007ff9541b0000 - 0x00007ff9541eb000 	C:\Windows\SYSTEM32\IPHLPAPI.DLL
0x00007ff956590000 - 0x00007ff956598000 	C:\Windows\System32\NSI.dll
0x00007ff94eed0000 - 0x00007ff94eee7000 	C:\Windows\SYSTEM32\dhcpcsvc6.DLL
0x00007ff94ed10000 - 0x00007ff94ed2d000 	C:\Windows\SYSTEM32\dhcpcsvc.DLL
0x00007ff954200000 - 0x00007ff9542cc000 	C:\Windows\SYSTEM32\DNSAPI.dll
0x00007ff950440000 - 0x00007ff95044d000 	D:\Program Files\Java\jdk1.8.0_281\jre\bin\management.dll
0x00007ff94f020000 - 0x00007ff94f037000 	C:\Windows\system32\napinsp.dll
0x00007ff94c110000 - 0x00007ff94c12b000 	C:\Windows\system32\pnrpnsp.dll
0x00007ff933ee0000 - 0x00007ff933ef5000 	C:\Windows\system32\wshbth.dll
0x00007ff94f420000 - 0x00007ff94f43d000 	C:\Windows\system32\NLAapi.dll
0x00007ff94c0f0000 - 0x00007ff94c102000 	C:\Windows\System32\winrnr.dll
0x00007ff94c5c0000 - 0x00007ff94c5ca000 	C:\Windows\System32\rasadhlp.dll
0x00007ff94d500000 - 0x00007ff94d57f000 	C:\Windows\System32\fwpuclnt.dll
0x00007ff94bb80000 - 0x00007ff94bd64000 	C:\Windows\SYSTEM32\dbghelp.dll

VM Arguments:
jvm_args: -Djava.security.manager=worker.org.gradle.process.internal.worker.child.BootstrapSecurityManager -Dorg.gradle.native=false -Xmx512m -Dfile.encoding=windows-1252 -Duser.country=CA -Duser.language=en -Duser.variant -ea 
java_command: worker.org.gradle.process.internal.worker.GradleWorkerMain 'Gradle Test Executor 7'
java_class_path (initial): C:\Users\islam\.gradle\caches\6.8.3\workerMain\gradle-worker.jar
Launcher Type: SUN_STANDARD

Environment Variables:
PATH=C:\Users\islam\.sdkman\candidates\springboot\current\bin;C:\Users\islam\bin;D:\Program Files\Git\mingw64\bin;D:\Program Files\Git\usr\local\bin;D:\Program Files\Git\usr\bin;D:\Program Files\Git\usr\bin;D:\Program Files\Git\mingw64\bin;D:\Program Files\Git\usr\bin;C:\Users\islam\bin;C:\Program Files (x86)\Common Files\Oracle\Java\javapath;C:\Windows\system32;C:\Windows;C:\Windows\System32\Wbem;C:\Windows\System32\WindowsPowerShell\v1.0;C:\Windows\System32\OpenSSH;D:\Program Files\Git\cmd;C:\Program Files\dotnet;C:\Program Files\Docker\Docker\resources\bin;C:\ProgramData\DockerDesktop\version-bin;C:\Program Files\Microsoft SQL Server\130\Tools\Binn;D:\Program Files\7-Zip;C:\Program Files\jq;C:\Program Files\MySQL\MySQL Shell 8.0\bin;C:\Users\islam\AppData\Local\Microsoft\WindowsApps;C:\Users\islam\.dotnet\tools;D:\Program Files\Git\usr\bin\vendor_perl;D:\Program Files\Git\usr\bin\core_perl
USERNAME=islam
SHELL=D:\Program Files\Git\usr\bin\bash.exe
DISPLAY=needs-to-be-defined
OS=Windows_NT
PROCESSOR_IDENTIFIER=Intel64 Family 6 Model 58 Stepping 9, GenuineIntel



---------------  S Y S T E M  ---------------

OS: Windows 10.0 , 64 bit Build 19041 (10.0.19041.928)

CPU:total 4 (initial active 4) (4 cores per cpu, 1 threads per core) family 6 model 58 stepping 9, cmov, cx8, fxsr, mmx, sse, sse2, sse3, ssse3, sse4.1, sse4.2, popcnt, avx, aes, clmul, erms, tsc, tscinvbit, tscinv

Memory: 4k page, physical 16726592k(1844152k free), swap 32276036k(3832k free)

vm_info: Java HotSpot(TM) 64-Bit Server VM (25.281-b09) for windows-amd64 JRE (1.8.0_281-b09), built on Dec  9 2020 13:54:07 by "" with MS VC++ 15.9 (VS2017)

time: Wed May  5 15:39:15 2021
timezone: Eastern Daylight Time
elapsed time: 10.636942 seconds (0d 0h 0m 10s)

